<?xml version="1.0" encoding="UTF-8"?>
<!-- Generated by org.testng.reporters.JUnitReportReporter -->
<testsuite hostname="BHARGAV" failures="0" tests="1" name="driverFactory.AppTest" time="91.546" errors="0" timestamp="2024-12-18T05:06:47 GMT-08:00" skipped="0">
  <testcase classname="driverFactory.AppTest" name="StartTest" time="91.546">
    <system-out>
      <![CDATA[Supplier-00000008462   Supplier-00000008225]]>
    </system-out>
  </testcase> <!-- StartTest -->
  <system-out>
    <![CDATA[Supplier-00000008462   Supplier-00000008225]]>
  </system-out>
</testsuite> <!-- driverFactory.AppTest -->
